<?xml version="1.0" encoding="UTF-8"?>
<!-- Generated by org.testng.reporters.JUnitReportReporter -->
<testsuite hostname="DESKTOP-BKS66NO" failures="0" tests="1" name="BasicJAVA.TestTestNG" time="0.008" errors="0" timestamp="2022-11-06T07:48:53 IST" skipped="0">
  <testcase classname="BasicJAVA.TestTestNG" name="test" time="0.008"/>
  <system-out/>
</testsuite> <!-- BasicJAVA.TestTestNG -->
